<?xml version="1.0" encoding="UTF-8"?>
<testsuites tests="1" failures="1" disabled="0" errors="0" timestamp="2020-06-20T01:10:17" time="4.225" name="AllTests">
  <testsuite name="SimTest" tests="1" failures="1" disabled="0" errors="0" time="4.223">
    <testcase name="Vars" status="run" time="4.222" classname="SimTest">
      <failure message="F:\FYP\genn-4.1.0\tests\features\var_init\test.cc:85&#x0A;Expected: (uniformPopProb) &gt; (p), actual: 0 vs 0.02" type=""><![CDATA[F:\FYP\genn-4.1.0\tests\features\var_init\test.cc:85
Expected: (uniformPopProb) > (p), actual: 0 vs 0.02]]></failure>
      <failure message="F:\FYP\genn-4.1.0\tests\features\var_init\test.cc:85&#x0A;Expected: (normalPopProb) &gt; (p), actual: 0 vs 0.02" type=""><![CDATA[F:\FYP\genn-4.1.0\tests\features\var_init\test.cc:85
Expected: (normalPopProb) > (p), actual: 0 vs 0.02]]></failure>
      <failure message="F:\FYP\genn-4.1.0\tests\features\var_init\test.cc:85&#x0A;Expected: (exponentialPopProb) &gt; (p), actual: 0 vs 0.02" type=""><![CDATA[F:\FYP\genn-4.1.0\tests\features\var_init\test.cc:85
Expected: (exponentialPopProb) > (p), actual: 0 vs 0.02]]></failure>
      <failure message="F:\FYP\genn-4.1.0\tests\features\var_init\test.cc:85&#x0A;Expected: (gammaPopProb) &gt; (p), actual: 0 vs 0.02" type=""><![CDATA[F:\FYP\genn-4.1.0\tests\features\var_init\test.cc:85
Expected: (gammaPopProb) > (p), actual: 0 vs 0.02]]></failure>
      <failure message="F:\FYP\genn-4.1.0\tests\features\var_init\test.cc:86&#x0A;Expected: (uniformCurrSourceProb) &gt; (p), actual: 0 vs 0.02" type=""><![CDATA[F:\FYP\genn-4.1.0\tests\features\var_init\test.cc:86
Expected: (uniformCurrSourceProb) > (p), actual: 0 vs 0.02]]></failure>
      <failure message="F:\FYP\genn-4.1.0\tests\features\var_init\test.cc:86&#x0A;Expected: (normalCurrSourceProb) &gt; (p), actual: 0 vs 0.02" type=""><![CDATA[F:\FYP\genn-4.1.0\tests\features\var_init\test.cc:86
Expected: (normalCurrSourceProb) > (p), actual: 0 vs 0.02]]></failure>
      <failure message="F:\FYP\genn-4.1.0\tests\features\var_init\test.cc:86&#x0A;Expected: (exponentialCurrSourceProb) &gt; (p), actual: 0 vs 0.02" type=""><![CDATA[F:\FYP\genn-4.1.0\tests\features\var_init\test.cc:86
Expected: (exponentialCurrSourceProb) > (p), actual: 0 vs 0.02]]></failure>
      <failure message="F:\FYP\genn-4.1.0\tests\features\var_init\test.cc:86&#x0A;Expected: (gammaCurrSourceProb) &gt; (p), actual: 0 vs 0.02" type=""><![CDATA[F:\FYP\genn-4.1.0\tests\features\var_init\test.cc:86
Expected: (gammaCurrSourceProb) > (p), actual: 0 vs 0.02]]></failure>
      <failure message="F:\FYP\genn-4.1.0\tests\features\var_init\test.cc:87&#x0A;Expected: (puniformDenseProb) &gt; (p), actual: 0 vs 0.02" type=""><![CDATA[F:\FYP\genn-4.1.0\tests\features\var_init\test.cc:87
Expected: (puniformDenseProb) > (p), actual: 0 vs 0.02]]></failure>
      <failure message="F:\FYP\genn-4.1.0\tests\features\var_init\test.cc:87&#x0A;Expected: (pnormalDenseProb) &gt; (p), actual: 0 vs 0.02" type=""><![CDATA[F:\FYP\genn-4.1.0\tests\features\var_init\test.cc:87
Expected: (pnormalDenseProb) > (p), actual: 0 vs 0.02]]></failure>
      <failure message="F:\FYP\genn-4.1.0\tests\features\var_init\test.cc:87&#x0A;Expected: (pexponentialDenseProb) &gt; (p), actual: 0 vs 0.02" type=""><![CDATA[F:\FYP\genn-4.1.0\tests\features\var_init\test.cc:87
Expected: (pexponentialDenseProb) > (p), actual: 0 vs 0.02]]></failure>
      <failure message="F:\FYP\genn-4.1.0\tests\features\var_init\test.cc:87&#x0A;Expected: (pgammaDenseProb) &gt; (p), actual: 0 vs 0.02" type=""><![CDATA[F:\FYP\genn-4.1.0\tests\features\var_init\test.cc:87
Expected: (pgammaDenseProb) > (p), actual: 0 vs 0.02]]></failure>
      <failure message="F:\FYP\genn-4.1.0\tests\features\var_init\test.cc:88&#x0A;Expected: (uniformDenseProb) &gt; (p), actual: 0 vs 0.02" type=""><![CDATA[F:\FYP\genn-4.1.0\tests\features\var_init\test.cc:88
Expected: (uniformDenseProb) > (p), actual: 0 vs 0.02]]></failure>
      <failure message="F:\FYP\genn-4.1.0\tests\features\var_init\test.cc:88&#x0A;Expected: (normalDenseProb) &gt; (p), actual: 0 vs 0.02" type=""><![CDATA[F:\FYP\genn-4.1.0\tests\features\var_init\test.cc:88
Expected: (normalDenseProb) > (p), actual: 0 vs 0.02]]></failure>
      <failure message="F:\FYP\genn-4.1.0\tests\features\var_init\test.cc:88&#x0A;Expected: (exponentialDenseProb) &gt; (p), actual: 0 vs 0.02" type=""><![CDATA[F:\FYP\genn-4.1.0\tests\features\var_init\test.cc:88
Expected: (exponentialDenseProb) > (p), actual: 0 vs 0.02]]></failure>
      <failure message="F:\FYP\genn-4.1.0\tests\features\var_init\test.cc:88&#x0A;Expected: (gammaDenseProb) &gt; (p), actual: 0 vs 0.02" type=""><![CDATA[F:\FYP\genn-4.1.0\tests\features\var_init\test.cc:88
Expected: (gammaDenseProb) > (p), actual: 0 vs 0.02]]></failure>
      <failure message="F:\FYP\genn-4.1.0\tests\features\var_init\test.cc:89&#x0A;Expected: (uniformSparseProb) &gt; (p), actual: 0 vs 0.02" type=""><![CDATA[F:\FYP\genn-4.1.0\tests\features\var_init\test.cc:89
Expected: (uniformSparseProb) > (p), actual: 0 vs 0.02]]></failure>
      <failure message="F:\FYP\genn-4.1.0\tests\features\var_init\test.cc:89&#x0A;Expected: (normalSparseProb) &gt; (p), actual: 0 vs 0.02" type=""><![CDATA[F:\FYP\genn-4.1.0\tests\features\var_init\test.cc:89
Expected: (normalSparseProb) > (p), actual: 0 vs 0.02]]></failure>
      <failure message="F:\FYP\genn-4.1.0\tests\features\var_init\test.cc:89&#x0A;Expected: (exponentialSparseProb) &gt; (p), actual: 0 vs 0.02" type=""><![CDATA[F:\FYP\genn-4.1.0\tests\features\var_init\test.cc:89
Expected: (exponentialSparseProb) > (p), actual: 0 vs 0.02]]></failure>
      <failure message="F:\FYP\genn-4.1.0\tests\features\var_init\test.cc:89&#x0A;Expected: (gammaSparseProb) &gt; (p), actual: 0 vs 0.02" type=""><![CDATA[F:\FYP\genn-4.1.0\tests\features\var_init\test.cc:89
Expected: (gammaSparseProb) > (p), actual: 0 vs 0.02]]></failure>
    </testcase>
  </testsuite>
</testsuites>
